[2024-11-08 at 22:11:54 CST] [INFO ] com.godpalace.asmwriter.AppSetup.init(AppSetup.java:36) - Initializing AsmWriter...
[2024-11-08 at 22:11:54 CST] [INFO ] com.godpalace.asmwriter.AppSetup.start(AppSetup.java:48) - Starting AsmWriter...
[2024-11-08 at 22:11:54 CST] [INFO ] com.godpalace.asmwriter.AppSetup.start(AppSetup.java:57) - Initializing components...
[2024-11-08 at 22:19:14 CST] [INFO ] com.godpalace.asmwriter.AppSetup.init(AppSetup.java:36) - Initializing AsmWriter...
[2024-11-08 at 22:19:14 CST] [INFO ] com.godpalace.asmwriter.AppSetup.start(AppSetup.java:48) - Starting AsmWriter...
[2024-11-08 at 22:19:14 CST] [INFO ] com.godpalace.asmwriter.AppSetup.start(AppSetup.java:57) - Initializing components...
[2024-11-08 at 22:19:16 CST] [INFO ] com.godpalace.asmwriter.AppSetup.stop(AppSetup.java:71) - Stopping AsmWriter...
[2024-11-08 at 22:19:17 CST] [INFO ] com.godpalace.asmwriter.Main.cleanUp(Main.java:34) - Cleaning up...
[2024-11-08 at 22:29:10 CST] [INFO ] com.godpalace.asmwriter.AppSetup.init(AppSetup.java:38) - Initializing AsmWriter...
[2024-11-08 at 22:29:10 CST] [INFO ] com.godpalace.asmwriter.AppSetup.start(AppSetup.java:50) - Starting AsmWriter...
[2024-11-08 at 22:29:10 CST] [INFO ] com.godpalace.asmwriter.AppSetup.start(AppSetup.java:59) - Initializing components...
[2024-11-08 at 22:29:11 CST] [INFO ] com.godpalace.asmwriter.AppSetup.stop(AppSetup.java:77) - Stopping AsmWriter...
[2024-11-08 at 22:31:44 CST] [INFO ] com.godpalace.asmwriter.AppSetup.init(AppSetup.java:39) - Initializing AsmWriter...
[2024-11-08 at 22:31:44 CST] [INFO ] com.godpalace.asmwriter.AppSetup.start(AppSetup.java:51) - Starting AsmWriter...
[2024-11-08 at 22:31:44 CST] [INFO ] com.godpalace.asmwriter.AppSetup.start(AppSetup.java:60) - Initializing components...
[2024-11-08 at 22:41:38 CST] [INFO ] com.godpalace.asmwriter.AppSetup.init(AppSetup.java:40) - Initializing AsmWriter...
[2024-11-08 at 22:41:38 CST] [INFO ] com.godpalace.asmwriter.AppSetup.start(AppSetup.java:52) - Starting AsmWriter...
[2024-11-08 at 22:41:38 CST] [INFO ] com.godpalace.asmwriter.AppSetup.start(AppSetup.java:61) - Initializing components...
[2024-11-08 at 22:42:12 CST] [INFO ] com.godpalace.asmwriter.AppSetup.stop(AppSetup.java:82) - Stopping AsmWriter...
[2024-11-08 at 22:55:45 CST] [INFO ] com.godpalace.asmwriter.AppSetup.init(AppSetup.java:40) - Initializing AsmWriter...
[2024-11-08 at 22:55:45 CST] [INFO ] com.godpalace.asmwriter.AppSetup.start(AppSetup.java:52) - Starting AsmWriter...
[2024-11-08 at 22:55:45 CST] [INFO ] com.godpalace.asmwriter.AppSetup.start(AppSetup.java:61) - Initializing components...
[2024-11-08 at 22:55:51 CST] [INFO ] com.godpalace.asmwriter.AppSetup.stop(AppSetup.java:82) - Stopping AsmWriter...
[2024-11-08 at 23:00:01 CST] [INFO ] com.godpalace.asmwriter.AppSetup.init(AppSetup.java:42) - Initializing AsmWriter...
[2024-11-08 at 23:00:01 CST] [ERROR] com.godpalace.asmwriter.Main.saveProperties(Main.java:35) - Error while saving properties
java.lang.NullPointerException: Cannot invoke "javafx.stage.Stage.getHeight()" because "com.godpalace.asmwriter.AppSetup.stage" is null
	at com.godpalace.asmwriter.Main.saveProperties(Main.java:28) ~[classes/:?]
	at com.godpalace.asmwriter.Main.lambda$static$0(Main.java:51) ~[classes/:?]
	at java.lang.Thread.run(Thread.java:833) ~[?:?]
[2024-11-09 at 12:37:06 CST] [INFO ] com.godpalace.asmwriter.AppSetup.init(AppSetup.java:37) - Initializing AsmWriter...
[2024-11-09 at 12:37:06 CST] [INFO ] com.godpalace.asmwriter.AppSetup.start(AppSetup.java:49) - Starting AsmWriter...
[2024-11-09 at 12:37:06 CST] [INFO ] com.godpalace.asmwriter.AppSetup.start(AppSetup.java:58) - Initializing components...
[2024-11-09 at 12:37:15 CST] [INFO ] com.godpalace.asmwriter.AppSetup.stop(AppSetup.java:83) - Stopping AsmWriter...
[2024-11-09 at 12:37:33 CST] [INFO ] com.godpalace.asmwriter.AppSetup.init(AppSetup.java:37) - Initializing AsmWriter...
[2024-11-09 at 12:37:33 CST] [INFO ] com.godpalace.asmwriter.AppSetup.start(AppSetup.java:49) - Starting AsmWriter...
[2024-11-09 at 12:37:33 CST] [INFO ] com.godpalace.asmwriter.AppSetup.start(AppSetup.java:58) - Initializing components...
[2024-11-09 at 12:37:48 CST] [INFO ] com.godpalace.asmwriter.AppSetup.stop(AppSetup.java:83) - Stopping AsmWriter...
[2024-11-09 at 12:40:20 CST] [INFO ] com.godpalace.asmwriter.AppSetup.init(AppSetup.java:37) - Initializing AsmWriter...
[2024-11-09 at 12:40:20 CST] [INFO ] com.godpalace.asmwriter.AppSetup.start(AppSetup.java:49) - Starting AsmWriter...
[2024-11-09 at 12:40:20 CST] [INFO ] com.godpalace.asmwriter.AppSetup.start(AppSetup.java:62) - Initializing components...
[2024-11-09 at 12:40:39 CST] [INFO ] com.godpalace.asmwriter.AppSetup.stop(AppSetup.java:86) - Stopping AsmWriter...
